<?xml version="1.0" encoding="UTF-8"?>
<testng-results ignored="0" total="1" passed="1" failed="0" skipped="0">
  <reporter-output>
  </reporter-output>
  <suite started-at="2023-01-20T12:36:51Z" name="Default suite" finished-at="2023-01-20T12:37:07Z" duration-ms="15825">
    <groups>
    </groups>
    <test started-at="2023-01-20T12:36:51Z" name="Default test" finished-at="2023-01-20T12:37:07Z" duration-ms="15825">
      <class name="saurabh.extentReport.Extent">
        <test-method is-config="true" signature="config()[pri:0, instance:saurabh.extentReport.Extent@68df9280]" started-at="2023-01-20T12:36:52Z" name="config" finished-at="2023-01-20T12:36:52Z" duration-ms="793" status="PASS">
          <reporter-output>
          </reporter-output>
        </test-method> <!-- config -->
        <test-method signature="test1()[pri:0, instance:saurabh.extentReport.Extent@68df9280]" started-at="2023-01-20T12:36:52Z" name="test1" finished-at="2023-01-20T12:37:07Z" duration-ms="14981" status="PASS">
          <reporter-output>
          </reporter-output>
        </test-method> <!-- test1 -->
      </class> <!-- saurabh.extentReport.Extent -->
    </test> <!-- Default test -->
  </suite> <!-- Default suite -->
</testng-results>
